2015/12/18 23:00:58 INFO  - jmeter.util.JMeterUtils: Setting Locale to en_US 
2015/12/18 23:00:58 INFO  - jmeter.JMeter: Loading user properties from: E:\bundle\afw_test\target\jmeter\bin\user.properties 
2015/12/18 23:00:58 INFO  - jmeter.JMeter: Loading system properties from: E:\bundle\afw_test\target\jmeter\bin\system.properties 
2015/12/18 23:00:58 INFO  - jmeter.JMeter: Setting JMeter property: XML_FILE=target/test_results/pepperfry.jtl 
2015/12/18 23:00:58 INFO  - jmeter.JMeter: Setting JMeter property: HTML_FILE=target/test_reports/pepperfry.html 
2015/12/18 23:00:58 INFO  - jmeter.JMeter: Setting JMeter property: TAG_NAMES=TESTCASE_DESCRIPTION,STEP_DESCRIPTION,STEP_SEVERITY,VALIDATIONS,VALIDATION,NAME,DESCRIPTION,EXPECTED_RESULT,ACTUAL_RESULT,VALIDATION_RESULT,TESTCASE_SEVERITY,DEVELOPER_LOGS 
2015/12/18 23:00:58 INFO  - jmeter.JMeter: Copyright (c) 1998-2015 The Apache Software Foundation 
2015/12/18 23:00:58 INFO  - jmeter.JMeter: Version 2.13 r1665067 
2015/12/18 23:00:58 INFO  - jmeter.JMeter: java.version=1.8.0_66 
2015/12/18 23:00:58 INFO  - jmeter.JMeter: java.vm.name=Java HotSpot(TM) 64-Bit Server VM 
2015/12/18 23:00:58 INFO  - jmeter.JMeter: os.name=Windows 7 
2015/12/18 23:00:58 INFO  - jmeter.JMeter: os.arch=amd64 
2015/12/18 23:00:58 INFO  - jmeter.JMeter: os.version=6.1 
2015/12/18 23:00:58 INFO  - jmeter.JMeter: file.encoding=Cp1252 
2015/12/18 23:00:58 INFO  - jmeter.JMeter: Default Locale=English (United States) 
2015/12/18 23:00:58 INFO  - jmeter.JMeter: JMeter  Locale=English (United States) 
2015/12/18 23:00:58 INFO  - jmeter.JMeter: JMeterHome=E:\bundle\afw_test\target\jmeter 
2015/12/18 23:00:58 INFO  - jmeter.JMeter: user.dir  =E:\bundle\afw_test 
2015/12/18 23:00:58 INFO  - jmeter.JMeter: PWD       =E:\bundle\afw_test 
2015/12/18 23:00:58 INFO  - jmeter.JMeter: IP: 10.65.200.247 Name: JDAKSHAN-WS FullName: JDAKSHAN-WS.partnet.cisco.com 
2015/12/18 23:00:58 INFO  - jmeter.services.FileServer: Default base='E:\bundle\afw_test' 
2015/12/18 23:00:58 INFO  - jmeter.services.FileServer: Set new base='E:\bundle\afw_test' 
2015/12/18 23:00:58 INFO  - jmeter.save.SaveService: Testplan (JMX) version: 2.2. Testlog (JTL) version: 2.2 
2015/12/18 23:00:58 INFO  - jmeter.save.SaveService: Using SaveService properties file encoding UTF-8 
2015/12/18 23:00:58 INFO  - jmeter.save.SaveService: Using SaveService properties file version 1656252 
2015/12/18 23:00:58 INFO  - jmeter.save.SaveService: Using SaveService properties version 2.8 
2015/12/18 23:00:58 INFO  - jmeter.save.SaveService: All converter versions present and correct 
2015/12/18 23:00:58 INFO  - jmeter.save.SaveService: Loading file: test_report_new.jmx 
2015/12/18 23:00:58 INFO  - jmeter.JMeter: Creating summariser <summary> 
2015/12/18 23:00:58 INFO  - jmeter.engine.StandardJMeterEngine: Listeners will be started after enabling running version 
2015/12/18 23:00:58 INFO  - jmeter.engine.StandardJMeterEngine: To revert to the earlier behaviour, define jmeterengine.startlistenerslater=false 
2015/12/18 23:00:58 INFO  - jmeter.engine.StandardJMeterEngine: Running the test! 
2015/12/18 23:00:58 INFO  - jmeter.samplers.SampleEvent: List of sample_variables: [] 
2015/12/18 23:00:58 INFO  - jmeter.samplers.SampleEvent: List of sample_variables: [] 
2015/12/18 23:00:58 INFO  - jmeter.engine.util.CompoundVariable: Note: Function class names must contain the string: '.functions.' 
2015/12/18 23:00:58 INFO  - jmeter.engine.util.CompoundVariable: Note: Function class names must not contain the string: '.gui.' 
2015/12/18 23:00:58 INFO  - jmeter.JMeter: Running test (1450459858907) 
2015/12/18 23:00:58 INFO  - jmeter.engine.StandardJMeterEngine: Starting ThreadGroup: 1 : Thread Group 
2015/12/18 23:00:58 INFO  - jmeter.engine.StandardJMeterEngine: Starting 1 threads for group Thread Group. 
2015/12/18 23:00:58 INFO  - jmeter.engine.StandardJMeterEngine: Thread will continue on error 
2015/12/18 23:00:58 INFO  - jmeter.threads.ThreadGroup: Starting thread group number 1 threads 1 ramp-up 1 perThread 1000.0 delayedStart=false 
2015/12/18 23:00:58 INFO  - jmeter.threads.JMeterThread: jmeterthread.startearlier=true (see jmeter.properties) 
2015/12/18 23:00:58 INFO  - jmeter.threads.JMeterThread: Running PostProcessors in forward order 
2015/12/18 23:00:58 INFO  - jmeter.threads.ThreadGroup: Started thread group number 1 
2015/12/18 23:00:58 INFO  - jmeter.engine.StandardJMeterEngine: All thread groups have been started 
2015/12/18 23:00:58 INFO  - jmeter.threads.JMeterThread: Thread started: Thread Group 1-1 
2015/12/18 23:00:58 INFO  - jmeter.samplers.SampleResult: Note: Sample TimeStamps are START times 
2015/12/18 23:00:58 INFO  - jmeter.samplers.SampleResult: sampleresult.default.encoding is set to ISO-8859-1 
2015/12/18 23:00:58 INFO  - jmeter.samplers.SampleResult: sampleresult.useNanoTime=true 
2015/12/18 23:00:58 INFO  - jmeter.samplers.SampleResult: sampleresult.nanoThreadSleep=5000 
2015/12/18 23:00:59 INFO  - jmeter.threads.JMeterThread: Thread is done: Thread Group 1-1 
2015/12/18 23:00:59 INFO  - jmeter.threads.JMeterThread: Thread finished: Thread Group 1-1 
2015/12/18 23:00:59 INFO  - jmeter.engine.StandardJMeterEngine: Notifying test listeners of end of test 
2015/12/18 23:00:59 INFO  - jmeter.reporters.Summariser: summary =      1 in   0.5s =    2.0/s Avg:   451 Min:   451 Max:   451 Err:     0 (0.00%) 
